<?xml version="1.0" encoding="UTF-8"?>
<testng-results ignored="0" total="1" passed="1" failed="0" skipped="0">
  <reporter-output>
  </reporter-output>
  <suite started-at="2021-11-18T16:05:24 IST" name="Default suite" finished-at="2021-11-18T16:05:36 IST" duration-ms="11342">
    <groups>
    </groups>
    <test started-at="2021-11-18T16:05:24 IST" name="Default test" finished-at="2021-11-18T16:05:36 IST" duration-ms="11342">
      <class name="pageobject.BountyPage">
        <test-method is-config="true" signature="initialise()[pri:0, instance:pageobject.BountyPage@15888343]" started-at="2021-11-18T16:05:24 IST" name="initialise" finished-at="2021-11-18T16:05:27 IST" duration-ms="2979" status="PASS">
          <reporter-output>
          </reporter-output>
        </test-method> <!-- initialise -->
        <test-method signature="logintest()[pri:0, instance:pageobject.BountyPage@15888343]" started-at="2021-11-18T16:05:27 IST" name="logintest" finished-at="2021-11-18T16:05:36 IST" duration-ms="8331" status="PASS">
          <reporter-output>
          </reporter-output>
        </test-method> <!-- logintest -->
      </class> <!-- pageobject.BountyPage -->
    </test> <!-- Default test -->
  </suite> <!-- Default suite -->
</testng-results>
