<?xml version="1.0" encoding="UTF-8"?>
<testng-results ignored="0" total="12" passed="12" failed="0" skipped="0">
  <reporter-output>
  </reporter-output>
  <suite started-at="2021-11-22T11:34:00 IST" name="Suite" finished-at="2021-11-22T11:42:12 IST" duration-ms="491942">
    <groups>
    </groups>
    <test started-at="2021-11-22T11:34:00 IST" name="Test1" finished-at="2021-11-22T11:34:26 IST" duration-ms="26022">
      <class name="pageobject.SearchPage">
        <test-method is-config="true" signature="initialise()[pri:0, instance:pageobject.SearchPage@7f485fda]" started-at="2021-11-22T11:34:00 IST" name="initialise" finished-at="2021-11-22T11:34:10 IST" duration-ms="9950" status="PASS">
          <reporter-output>
          </reporter-output>
        </test-method> <!-- initialise -->
        <test-method signature="SearchPageTest()[pri:0, instance:pageobject.SearchPage@7f485fda]" started-at="2021-11-22T11:34:10 IST" name="SearchPageTest" finished-at="2021-11-22T11:34:26 IST" duration-ms="15702" status="PASS">
          <reporter-output>
          </reporter-output>
        </test-method> <!-- SearchPageTest -->
        <test-method is-config="true" signature="close()[pri:0, instance:pageobject.SearchPage@7f485fda]" started-at="2021-11-22T11:34:26 IST" name="close" finished-at="2021-11-22T11:34:26 IST" duration-ms="325" status="PASS">
          <reporter-output>
          </reporter-output>
        </test-method> <!-- close -->
      </class> <!-- pageobject.SearchPage -->
    </test> <!-- Test1 -->
    <test started-at="2021-11-22T11:34:26 IST" name="Test2" finished-at="2021-11-22T11:35:08 IST" duration-ms="41664">
      <class name="pageobject.LifeStyle">
        <test-method is-config="true" signature="initialise()[pri:0, instance:pageobject.LifeStyle@247310d0]" started-at="2021-11-22T11:34:26 IST" name="initialise" finished-at="2021-11-22T11:34:29 IST" duration-ms="3281" status="PASS">
          <reporter-output>
          </reporter-output>
        </test-method> <!-- initialise -->
        <test-method signature="LifeStyleTest()[pri:0, instance:pageobject.LifeStyle@247310d0]" started-at="2021-11-22T11:34:29 IST" name="LifeStyleTest" finished-at="2021-11-22T11:35:08 IST" duration-ms="38212" status="PASS">
          <reporter-output>
          </reporter-output>
        </test-method> <!-- LifeStyleTest -->
        <test-method is-config="true" signature="close()[pri:0, instance:pageobject.LifeStyle@247310d0]" started-at="2021-11-22T11:35:08 IST" name="close" finished-at="2021-11-22T11:35:08 IST" duration-ms="168" status="PASS">
          <reporter-output>
          </reporter-output>
        </test-method> <!-- close -->
      </class> <!-- pageobject.LifeStyle -->
    </test> <!-- Test2 -->
    <test started-at="2021-11-22T11:35:08 IST" name="Test3" finished-at="2021-11-22T11:35:42 IST" duration-ms="34090">
      <class name="pageobject.GiftPage">
        <test-method is-config="true" signature="initialise()[pri:0, instance:pageobject.GiftPage@17fc391b]" started-at="2021-11-22T11:35:08 IST" name="initialise" finished-at="2021-11-22T11:35:15 IST" duration-ms="7314" status="PASS">
          <reporter-output>
          </reporter-output>
        </test-method> <!-- initialise -->
        <test-method signature="GiftHover()[pri:0, instance:pageobject.GiftPage@17fc391b]" started-at="2021-11-22T11:35:15 IST" name="GiftHover" finished-at="2021-11-22T11:35:41 IST" duration-ms="26281" status="PASS">
          <reporter-output>
          </reporter-output>
        </test-method> <!-- GiftHover -->
        <test-method is-config="true" signature="close()[pri:0, instance:pageobject.GiftPage@17fc391b]" started-at="2021-11-22T11:35:41 IST" name="close" finished-at="2021-11-22T11:35:42 IST" duration-ms="490" status="PASS">
          <reporter-output>
          </reporter-output>
        </test-method> <!-- close -->
      </class> <!-- pageobject.GiftPage -->
    </test> <!-- Test3 -->
    <test started-at="2021-11-22T11:35:42 IST" name="Test4" finished-at="2021-11-22T11:36:13 IST" duration-ms="31659">
      <class name="pageobject.CorporateGifts">
        <test-method is-config="true" signature="initialise()[pri:0, instance:pageobject.CorporateGifts@792b749c]" started-at="2021-11-22T11:35:42 IST" name="initialise" finished-at="2021-11-22T11:35:44 IST" duration-ms="1766" status="PASS">
          <reporter-output>
          </reporter-output>
        </test-method> <!-- initialise -->
        <test-method signature="GiftPageTest()[pri:0, instance:pageobject.CorporateGifts@792b749c]" started-at="2021-11-22T11:35:44 IST" name="GiftPageTest" finished-at="2021-11-22T11:36:13 IST" duration-ms="29541" status="PASS">
          <reporter-output>
          </reporter-output>
        </test-method> <!-- GiftPageTest -->
        <test-method is-config="true" signature="close()[pri:0, instance:pageobject.CorporateGifts@792b749c]" started-at="2021-11-22T11:36:13 IST" name="close" finished-at="2021-11-22T11:36:13 IST" duration-ms="349" status="PASS">
          <reporter-output>
          </reporter-output>
        </test-method> <!-- close -->
      </class> <!-- pageobject.CorporateGifts -->
    </test> <!-- Test4 -->
    <test started-at="2021-11-22T11:36:13 IST" name="Test5" finished-at="2021-11-22T11:36:46 IST" duration-ms="32977">
      <class name="pageobject.Signin">
        <test-method is-config="true" signature="initialise()[pri:0, instance:pageobject.Signin@302c971f]" started-at="2021-11-22T11:36:13 IST" name="initialise" finished-at="2021-11-22T11:36:16 IST" duration-ms="2321" status="PASS">
          <reporter-output>
          </reporter-output>
        </test-method> <!-- initialise -->
        <test-method signature="SigninTest()[pri:0, instance:pageobject.Signin@302c971f]" started-at="2021-11-22T11:36:16 IST" name="SigninTest" finished-at="2021-11-22T11:36:46 IST" duration-ms="30409" status="PASS">
          <reporter-output>
          </reporter-output>
        </test-method> <!-- SigninTest -->
        <test-method is-config="true" signature="close()[pri:0, instance:pageobject.Signin@302c971f]" started-at="2021-11-22T11:36:46 IST" name="close" finished-at="2021-11-22T11:36:46 IST" duration-ms="247" status="PASS">
          <reporter-output>
          </reporter-output>
        </test-method> <!-- close -->
      </class> <!-- pageobject.Signin -->
    </test> <!-- Test5 -->
    <test started-at="2021-11-22T11:36:46 IST" name="Test6" finished-at="2021-11-22T11:37:36 IST" duration-ms="49253">
      <class name="runner.WindowSwitching">
        <test-method is-config="true" signature="initialise()[pri:0, instance:runner.WindowSwitching@1040be71]" started-at="2021-11-22T11:36:46 IST" name="initialise" finished-at="2021-11-22T11:36:48 IST" duration-ms="1911" status="PASS">
          <reporter-output>
          </reporter-output>
        </test-method> <!-- initialise -->
        <test-method signature="windowtest()[pri:0, instance:runner.WindowSwitching@1040be71]" started-at="2021-11-22T11:36:48 IST" name="windowtest" finished-at="2021-11-22T11:37:36 IST" duration-ms="47338" status="PASS">
          <reporter-output>
          </reporter-output>
        </test-method> <!-- windowtest -->
      </class> <!-- runner.WindowSwitching -->
    </test> <!-- Test6 -->
    <test started-at="2021-11-22T11:37:36 IST" name="Test7" finished-at="2021-11-22T11:38:18 IST" duration-ms="42380">
      <class name="pageobject.SigninExcel">
        <test-method is-config="true" signature="initialise()[pri:0, instance:pageobject.SigninExcel@533bda92]" started-at="2021-11-22T11:37:36 IST" name="initialise" finished-at="2021-11-22T11:37:45 IST" duration-ms="9060" status="PASS">
          <reporter-output>
          </reporter-output>
        </test-method> <!-- initialise -->
        <test-method signature="logintest()[pri:0, instance:pageobject.SigninExcel@533bda92]" started-at="2021-11-22T11:37:45 IST" name="logintest" finished-at="2021-11-22T11:38:14 IST" duration-ms="29147" status="PASS">
          <reporter-output>
          </reporter-output>
        </test-method> <!-- logintest -->
        <test-method is-config="true" signature="close()[pri:0, instance:pageobject.SigninExcel@533bda92]" started-at="2021-11-22T11:38:14 IST" name="close" finished-at="2021-11-22T11:38:18 IST" duration-ms="4169" status="PASS">
          <reporter-output>
          </reporter-output>
        </test-method> <!-- close -->
      </class> <!-- pageobject.SigninExcel -->
    </test> <!-- Test7 -->
    <test started-at="2021-11-22T11:38:18 IST" name="Test8" finished-at="2021-11-22T11:39:19 IST" duration-ms="60780">
      <class name="pageobject.AllOfIt">
        <test-method is-config="true" signature="initialise()[pri:0, instance:pageobject.AllOfIt@673fdbce]" started-at="2021-11-22T11:38:18 IST" name="initialise" finished-at="2021-11-22T11:38:21 IST" duration-ms="2511" status="PASS">
          <reporter-output>
          </reporter-output>
        </test-method> <!-- initialise -->
        <test-method signature="AllOfItTest()[pri:0, instance:pageobject.AllOfIt@673fdbce]" started-at="2021-11-22T11:38:21 IST" name="AllOfItTest" finished-at="2021-11-22T11:39:19 IST" duration-ms="57991" status="PASS">
          <reporter-output>
          </reporter-output>
        </test-method> <!-- AllOfItTest -->
        <test-method is-config="true" signature="close()[pri:0, instance:pageobject.AllOfIt@673fdbce]" started-at="2021-11-22T11:39:19 IST" name="close" finished-at="2021-11-22T11:39:19 IST" duration-ms="276" status="PASS">
          <reporter-output>
          </reporter-output>
        </test-method> <!-- close -->
      </class> <!-- pageobject.AllOfIt -->
    </test> <!-- Test8 -->
    <test started-at="2021-11-22T11:39:19 IST" name="Test9" finished-at="2021-11-22T11:39:52 IST" duration-ms="32556">
      <class name="pageobject.TrackYourOrder">
        <test-method is-config="true" signature="initialise()[pri:0, instance:pageobject.TrackYourOrder@2ab4bc72]" started-at="2021-11-22T11:39:19 IST" name="initialise" finished-at="2021-11-22T11:39:23 IST" duration-ms="4494" status="PASS">
          <reporter-output>
          </reporter-output>
        </test-method> <!-- initialise -->
        <test-method signature="TrackYourOrderTest()[pri:0, instance:pageobject.TrackYourOrder@2ab4bc72]" started-at="2021-11-22T11:39:23 IST" name="TrackYourOrderTest" finished-at="2021-11-22T11:39:47 IST" duration-ms="23904" status="PASS">
          <reporter-output>
          </reporter-output>
        </test-method> <!-- TrackYourOrderTest -->
        <test-method is-config="true" signature="close()[pri:0, instance:pageobject.TrackYourOrder@2ab4bc72]" started-at="2021-11-22T11:39:47 IST" name="close" finished-at="2021-11-22T11:39:52 IST" duration-ms="4156" status="PASS">
          <reporter-output>
          </reporter-output>
        </test-method> <!-- close -->
      </class> <!-- pageobject.TrackYourOrder -->
    </test> <!-- Test9 -->
    <test started-at="2021-11-22T11:39:52 IST" name="Test10" finished-at="2021-11-22T11:40:35 IST" duration-ms="43007">
      <class name="pageobject.PersonalisedGifts">
        <test-method is-config="true" signature="initialise()[pri:0, instance:pageobject.PersonalisedGifts@239a307b]" started-at="2021-11-22T11:39:52 IST" name="initialise" finished-at="2021-11-22T11:39:56 IST" duration-ms="4692" status="PASS">
          <reporter-output>
          </reporter-output>
        </test-method> <!-- initialise -->
        <test-method signature="PersonalizedGiftTest()[pri:0, instance:pageobject.PersonalisedGifts@239a307b]" started-at="2021-11-22T11:39:56 IST" name="PersonalizedGiftTest" finished-at="2021-11-22T11:40:34 IST" duration-ms="37654" status="PASS">
          <reporter-output>
          </reporter-output>
        </test-method> <!-- PersonalizedGiftTest -->
        <test-method is-config="true" signature="close()[pri:0, instance:pageobject.PersonalisedGifts@239a307b]" started-at="2021-11-22T11:40:34 IST" name="close" finished-at="2021-11-22T11:40:35 IST" duration-ms="658" status="PASS">
          <reporter-output>
          </reporter-output>
        </test-method> <!-- close -->
      </class> <!-- pageobject.PersonalisedGifts -->
    </test> <!-- Test10 -->
    <test started-at="2021-11-22T11:40:35 IST" name="Test11" finished-at="2021-11-22T11:41:26 IST" duration-ms="51191">
      <class name="pageobject.GiftCard">
        <test-method is-config="true" signature="initialise()[pri:0, instance:pageobject.GiftCard@3ad83a66]" started-at="2021-11-22T11:40:35 IST" name="initialise" finished-at="2021-11-22T11:40:41 IST" duration-ms="6411" status="PASS">
          <reporter-output>
          </reporter-output>
        </test-method> <!-- initialise -->
        <test-method signature="giftCard()[pri:0, instance:pageobject.GiftCard@3ad83a66]" started-at="2021-11-22T11:40:41 IST" name="giftCard" finished-at="2021-11-22T11:41:25 IST" duration-ms="44373" status="PASS">
          <reporter-output>
          </reporter-output>
        </test-method> <!-- giftCard -->
        <test-method is-config="true" signature="close()[pri:0, instance:pageobject.GiftCard@3ad83a66]" started-at="2021-11-22T11:41:25 IST" name="close" finished-at="2021-11-22T11:41:26 IST" duration-ms="403" status="PASS">
          <reporter-output>
          </reporter-output>
        </test-method> <!-- close -->
      </class> <!-- pageobject.GiftCard -->
    </test> <!-- Test11 -->
    <test started-at="2021-11-22T11:41:26 IST" name="Test12" finished-at="2021-11-22T11:42:12 IST" duration-ms="46048">
      <class name="pageobject.MouseAction">
        <test-method is-config="true" signature="initialise()[pri:0, instance:pageobject.MouseAction@338fc1d8]" started-at="2021-11-22T11:41:26 IST" name="initialise" finished-at="2021-11-22T11:41:32 IST" duration-ms="6082" status="PASS">
          <reporter-output>
          </reporter-output>
        </test-method> <!-- initialise -->
        <test-method signature="MouseActionTest()[pri:0, instance:pageobject.MouseAction@338fc1d8]" started-at="2021-11-22T11:41:32 IST" name="MouseActionTest" finished-at="2021-11-22T11:42:12 IST" duration-ms="39711" status="PASS">
          <reporter-output>
          </reporter-output>
        </test-method> <!-- MouseActionTest -->
        <test-method is-config="true" signature="close()[pri:0, instance:pageobject.MouseAction@338fc1d8]" started-at="2021-11-22T11:42:12 IST" name="close" finished-at="2021-11-22T11:42:12 IST" duration-ms="253" status="PASS">
          <reporter-output>
          </reporter-output>
        </test-method> <!-- close -->
      </class> <!-- pageobject.MouseAction -->
    </test> <!-- Test12 -->
  </suite> <!-- Suite -->
</testng-results>
