<?xml version="1.0" encoding="UTF-8"?>
<testsuite xmlns:xsi="http://www.w3.org/2001/XMLSchema-instance" xsi:noNamespaceSchemaLocation="https://maven.apache.org/surefire/maven-surefire-plugin/xsd/surefire-test-report-3.0.xsd" version="3.0" name="TestSuite" time="494.819" tests="12" errors="0" skipped="0" failures="0">
  <properties>
[...]
</properties>
  <testcase name="SearchPageTest" classname="pageobject.SearchPage" time="15.681">
    <system-out><![CDATA[11-22-2021 11:34:21 SearchPage.java INFO  [main] reusablecomponents.ReadPropertyFile 32 - navigation to url
11-22-2021 11:34:22 SearchPage.java INFO  [main] reusablecomponents.ReadPropertyFile 37 - navigated to harry porter gifs page
]]></system-out>
    <system-err><![CDATA[log4j:WARN No such property [maxBackupIndex] in utilities.Log.
log4j:WARN No such property [maxFileSize] in utilities.Log.
Starting ChromeDriver 96.0.4664.35 (8df3babf8da8faa8aacb78f4848ef66a93b4944b-refs/branch-heads/4664@{#680}) on port 42589
Only local connections are allowed.
Please see https://chromedriver.chromium.org/security-considerations for suggestions on keeping ChromeDriver safe.
ChromeDriver was started successfully.
Nov 22, 2021 11:34:09 AM org.openqa.selenium.remote.ProtocolHandshake createSession
INFO: Detected dialect: W3C
]]></system-err>
  </testcase>
  <testcase name="LifeStyleTest" classname="pageobject.LifeStyle" time="38.188">
    <system-out><![CDATA[11-22-2021 11:34:46 LifeStyle.java INFO  [main] reusablecomponents.ReadPropertyFile 37 - navigation to url
11-22-2021 11:34:50 LifeStyle.java INFO  [main] reusablecomponents.ReadPropertyFile 42 - navigated to clocks and watches
Cash on Delivery is available.
11-22-2021 11:35:08 LifeStyle.java INFO  [main] reusablecomponents.ReadPropertyFile 56 - Status displayed
]]></system-out>
    <system-err><![CDATA[Starting ChromeDriver 96.0.4664.35 (8df3babf8da8faa8aacb78f4848ef66a93b4944b-refs/branch-heads/4664@{#680}) on port 31408
Only local connections are allowed.
Please see https://chromedriver.chromium.org/security-considerations for suggestions on keeping ChromeDriver safe.
ChromeDriver was started successfully.
Nov 22, 2021 11:34:29 AM org.openqa.selenium.remote.ProtocolHandshake createSession
INFO: Detected dialect: W3C
]]></system-err>
  </testcase>
  <testcase name="GiftHover" classname="pageobject.GiftPage" time="26.266">
    <system-out><![CDATA[11-22-2021 11:35:38 GiftPage.java INFO  [main] reusablecomponents.ReadPropertyFile 31 - navigation to url
11-22-2021 11:35:41 GiftPage.java INFO  [main] reusablecomponents.ReadPropertyFile 39 - navigated to page
]]></system-out>
    <system-err><![CDATA[Starting ChromeDriver 96.0.4664.35 (8df3babf8da8faa8aacb78f4848ef66a93b4944b-refs/branch-heads/4664@{#680}) on port 13715
Only local connections are allowed.
Please see https://chromedriver.chromium.org/security-considerations for suggestions on keeping ChromeDriver safe.
ChromeDriver was started successfully.
Nov 22, 2021 11:35:15 AM org.openqa.selenium.remote.ProtocolHandshake createSession
INFO: Detected dialect: W3C
]]></system-err>
  </testcase>
  <testcase name="GiftPageTest" classname="pageobject.CorporateGifts" time="29.532">
    <system-out><![CDATA[11-22-2021 11:36:08 CorporateGifts.java INFO  [main] reusablecomponents.ReadPropertyFile 30 - navigation to url
11-22-2021 11:36:11 CorporateGifts.java INFO  [main] reusablecomponents.ReadPropertyFile 33 - navigated to corporate gifts page
11-22-2021 11:36:13 CorporateGifts.java INFO  [main] reusablecomponents.ReadPropertyFile 38 - details entered
11-22-2021 11:36:13 CorporateGifts.java INFO  [main] reusablecomponents.ReadPropertyFile 40 - Submitted successfully
]]></system-out>
    <system-err><![CDATA[Starting ChromeDriver 96.0.4664.35 (8df3babf8da8faa8aacb78f4848ef66a93b4944b-refs/branch-heads/4664@{#680}) on port 36598
Only local connections are allowed.
Please see https://chromedriver.chromium.org/security-considerations for suggestions on keeping ChromeDriver safe.
ChromeDriver was started successfully.
Nov 22, 2021 11:35:44 AM org.openqa.selenium.remote.ProtocolHandshake createSession
INFO: Detected dialect: W3C
]]></system-err>
  </testcase>
  <testcase name="SigninTest" classname="pageobject.Signin" time="30.397">
    <system-out><![CDATA[11-22-2021 11:36:29 Signin.java INFO  [main] reusablecomponents.ReadPropertyFile 32 - navigation to url
]]></system-out>
    <system-err><![CDATA[Starting ChromeDriver 96.0.4664.35 (8df3babf8da8faa8aacb78f4848ef66a93b4944b-refs/branch-heads/4664@{#680}) on port 37747
Only local connections are allowed.
Please see https://chromedriver.chromium.org/security-considerations for suggestions on keeping ChromeDriver safe.
ChromeDriver was started successfully.
Nov 22, 2021 11:36:16 AM org.openqa.selenium.remote.ProtocolHandshake createSession
INFO: Detected dialect: W3C
]]></system-err>
  </testcase>
  <testcase name="windowtest" classname="runner.WindowSwitching" time="47.349">
    <system-out><![CDATA[11-22-2021 11:36:59 WindowSwitching.java INFO  [main] reusablecomponents.ReadPropertyFile 30 - navigation to url
6
Gifts Online - Send Unique, Unusual Gifts in India, Buy Gifts– Bigsmall.in
All Of It - Buy Unique Quirky Gifts For All Occasions Online [2021]– Bigsmall.in
Bigsmall.in Customer Reviews | Verified reviews on their purchase
Review Program– Bigsmall.in
bigsmall.in - Home | Facebook
Media Coverage– Bigsmall.in
About us– Bigsmall.in
]]></system-out>
    <system-err><![CDATA[Starting ChromeDriver 96.0.4664.35 (8df3babf8da8faa8aacb78f4848ef66a93b4944b-refs/branch-heads/4664@{#680}) on port 41770
Only local connections are allowed.
Please see https://chromedriver.chromium.org/security-considerations for suggestions on keeping ChromeDriver safe.
ChromeDriver was started successfully.
Nov 22, 2021 11:36:48 AM org.openqa.selenium.remote.ProtocolHandshake createSession
INFO: Detected dialect: W3C
]]></system-err>
  </testcase>
  <testcase name="logintest" classname="pageobject.SigninExcel" time="29.142">
    <system-out><![CDATA[11-22-2021 11:37:56 SigninExcel.java INFO  [main] reusablecomponents.ReadPropertyFile 34 - navigation to url
{yashaswinin26@gmail.com=yash&1456}
11-22-2021 11:37:59 SigninExcel.java INFO  [main] reusablecomponents.ReadPropertyFile 39 - details entered
]]></system-out>
    <system-err><![CDATA[Starting ChromeDriver 96.0.4664.35 (8df3babf8da8faa8aacb78f4848ef66a93b4944b-refs/branch-heads/4664@{#680}) on port 46691
Only local connections are allowed.
Please see https://chromedriver.chromium.org/security-considerations for suggestions on keeping ChromeDriver safe.
ChromeDriver was started successfully.
Nov 22, 2021 11:37:45 AM org.openqa.selenium.remote.ProtocolHandshake createSession
INFO: Detected dialect: W3C
]]></system-err>
  </testcase>
  <testcase name="AllOfItTest" classname="pageobject.AllOfIt" time="57.989">
    <system-out><![CDATA[11-22-2021 11:38:47 AllOfIt.java INFO  [main] reusablecomponents.ReadPropertyFile 32 - navigation to url
11-22-2021 11:38:56 AllOfIt.java INFO  [main] reusablecomponents.ReadPropertyFile 35 - clicked on selected item
11-22-2021 11:38:59 AllOfIt.java INFO  [main] reusablecomponents.ReadPropertyFile 38 - added to cart
Rs. 844
11-22-2021 11:39:13 AllOfIt.java INFO  [main] reusablecomponents.ReadPropertyFile 55 - returned to home page
]]></system-out>
    <system-err><![CDATA[Starting ChromeDriver 96.0.4664.35 (8df3babf8da8faa8aacb78f4848ef66a93b4944b-refs/branch-heads/4664@{#680}) on port 30115
Only local connections are allowed.
Please see https://chromedriver.chromium.org/security-considerations for suggestions on keeping ChromeDriver safe.
ChromeDriver was started successfully.
Nov 22, 2021 11:38:21 AM org.openqa.selenium.remote.ProtocolHandshake createSession
INFO: Detected dialect: W3C
]]></system-err>
  </testcase>
  <testcase name="TrackYourOrderTest" classname="pageobject.TrackYourOrder" time="23.901">
    <system-out><![CDATA[11-22-2021 11:39:39 TrackYourOrder.java INFO  [main] reusablecomponents.ReadPropertyFile 31 - navigation to url
Track your order– Bigsmall.in
]]></system-out>
    <system-err><![CDATA[Starting ChromeDriver 96.0.4664.35 (8df3babf8da8faa8aacb78f4848ef66a93b4944b-refs/branch-heads/4664@{#680}) on port 24260
Only local connections are allowed.
Please see https://chromedriver.chromium.org/security-considerations for suggestions on keeping ChromeDriver safe.
ChromeDriver was started successfully.
Nov 22, 2021 11:39:23 AM org.openqa.selenium.remote.ProtocolHandshake createSession
INFO: Detected dialect: W3C
]]></system-err>
  </testcase>
  <testcase name="PersonalizedGiftTest" classname="pageobject.PersonalisedGifts" time="37.611">
    <system-out><![CDATA[11-22-2021 11:40:21 PersonalisedGifts.java INFO  [main] reusablecomponents.ReadPropertyFile 32 - navigation to url
11-22-2021 11:40:32 PersonalisedGifts.java INFO  [main] reusablecomponents.ReadPropertyFile 41 - Assertion passed
]]></system-out>
    <system-err><![CDATA[Starting ChromeDriver 96.0.4664.35 (8df3babf8da8faa8aacb78f4848ef66a93b4944b-refs/branch-heads/4664@{#680}) on port 43469
Only local connections are allowed.
Please see https://chromedriver.chromium.org/security-considerations for suggestions on keeping ChromeDriver safe.
ChromeDriver was started successfully.
Nov 22, 2021 11:39:56 AM org.openqa.selenium.remote.ProtocolHandshake createSession
INFO: Detected dialect: W3C
]]></system-err>
  </testcase>
  <testcase name="giftCard" classname="pageobject.GiftCard" time="44.387">
    <system-out><![CDATA[11-22-2021 11:40:58 GiftCard.java INFO  [main] reusablecomponents.ReadPropertyFile 29 - navigation to url
11-22-2021 11:41:08 GiftCard.java INFO  [main] reusablecomponents.ReadPropertyFile 34 - navigated to gift card
The Total Bill in Cart is Rs. 1,299
]]></system-out>
    <system-err><![CDATA[Starting ChromeDriver 96.0.4664.35 (8df3babf8da8faa8aacb78f4848ef66a93b4944b-refs/branch-heads/4664@{#680}) on port 9124
Only local connections are allowed.
Please see https://chromedriver.chromium.org/security-considerations for suggestions on keeping ChromeDriver safe.
ChromeDriver was started successfully.
Nov 22, 2021 11:40:41 AM org.openqa.selenium.remote.ProtocolHandshake createSession
INFO: Detected dialect: W3C
]]></system-err>
  </testcase>
  <testcase name="MouseActionTest" classname="pageobject.MouseAction" time="39.779">
    <system-out><![CDATA[11-22-2021 11:41:53 MouseAction.java INFO  [main] reusablecomponents.ReadPropertyFile 33 - navigation to url
11-22-2021 11:41:58 MouseAction.java INFO  [main] reusablecomponents.ReadPropertyFile 35 - navigated to url
]]></system-out>
    <system-err><![CDATA[Starting ChromeDriver 96.0.4664.35 (8df3babf8da8faa8aacb78f4848ef66a93b4944b-refs/branch-heads/4664@{#680}) on port 8630
Only local connections are allowed.
Please see https://chromedriver.chromium.org/security-considerations for suggestions on keeping ChromeDriver safe.
ChromeDriver was started successfully.
Nov 22, 2021 11:41:32 AM org.openqa.selenium.remote.ProtocolHandshake createSession
INFO: Detected dialect: W3C
]]></system-err>
  </testcase>
</testsuite>